<?xml version="1.0" encoding="UTF-8"?>
<!-- Generated by org.testng.reporters.JUnitXMLReporter -->
<testsuite hostname="LAPTOP-4AN8MAGU" ignored="0" name="Default test" tests="4" failures="0" timestamp="2021-12-07T14:07:43 IST" time="114.422" errors="0">
  <testcase name="validateInvalidFlightSearch" time="2.949" classname="com.testcase.FlightSearchPageTest"/>
  <testcase name="validateInvalidFlightSearch" time="2.936" classname="com.testcase.FlightSearchPageTest"/>
  <testcase name="validateInvalidFlightSearch" time="41.974" classname="com.testcase.FlightSearchPageTest"/>
  <testcase name="validateValidFlightSearch" time="2.212" classname="com.testcase.FlightSearchPageTest"/>
</testsuite> <!-- Default test -->
