<?xml version="1.0" encoding="UTF-8"?>
<!-- Generated by org.testng.reporters.JUnitXMLReporter -->
<testsuite hostname="LAPTOP-4AN8MAGU" ignored="10" name="Test" tests="30" failures="0" timestamp="2021-12-07T14:41:22 IST" time="914.223" errors="0">
  <testcase name="validateInvalidHotelBooking" time="28.51" classname="com.testcase.HotelBookingTest"/>
  <testcase name="validateInvalidHotelBooking" time="15.58" classname="com.testcase.HotelBookingTest"/>
  <testcase name="validateInvalidHotelBooking" time="15.573" classname="com.testcase.HotelBookingTest"/>
  <testcase name="validateInvalidHotelBooking" time="26.593" classname="com.testcase.HotelBookingTest"/>
  <testcase name="validateInvalidHotelBooking" time="11.216" classname="com.testcase.HotelBookingTest"/>
  <testcase name="validateInvalidHotelBooking" time="16.602" classname="com.testcase.HotelBookingTest"/>
  <testcase name="validateValidHotelBooking" time="12.74" classname="com.testcase.HotelBookingTest"/>
  <testcase name="validateInvalidFlightSearch" time="3.083" classname="com.testcase.FlightSearchPageTest"/>
  <testcase name="validateInvalidFlightSearch" time="4.119" classname="com.testcase.FlightSearchPageTest"/>
  <testcase name="validateInvalidFlightSearch" time="46.829" classname="com.testcase.FlightSearchPageTest"/>
  <testcase name="validateValidFlightSearch" time="4.847" classname="com.testcase.FlightSearchPageTest"/>
  <testcase name="validateInvalidLogin" time="1.927" classname="com.testcase.LoginTest"/>
  <testcase name="validateInvalidLogin" time="0.715" classname="com.testcase.LoginTest"/>
  <testcase name="validateInvalidLogin" time="0.745" classname="com.testcase.LoginTest"/>
  <testcase name="validateInvalidLogin" time="0.686" classname="com.testcase.LoginTest"/>
  <testcase name="validateValidLogin" time="6.321" classname="com.testcase.LoginTest"/>
  <testcase name="validateInvalidRegistration" time="2.362" classname="com.testcase.RegistrationTest"/>
  <testcase name="validateInvalidRegistration" time="1.553" classname="com.testcase.RegistrationTest"/>
  <testcase name="validateInvalidRegistration" time="1.345" classname="com.testcase.RegistrationTest"/>
  <testcase name="validateInvalidRegistration" time="1.291" classname="com.testcase.RegistrationTest"/>
  <testcase name="validateValidRegistration" time="12.047" classname="com.testcase.RegistrationTest"/>
  <testcase name="validateInvalidFlightBooking" time="18.623" classname="com.testcase.FlightBookingPageTest"/>
  <testcase name="validateInvalidFlightBooking" time="20.273" classname="com.testcase.FlightBookingPageTest"/>
  <testcase name="validateInvalidFlightBooking" time="14.465" classname="com.testcase.FlightBookingPageTest"/>
  <testcase name="validateInvalidFlightBooking" time="17.177" classname="com.testcase.FlightBookingPageTest"/>
  <testcase name="validateInvalidFlightBooking" time="16.354" classname="com.testcase.FlightBookingPageTest"/>
  <testcase name="validateValidFligtBooking" time="14.912" classname="com.testcase.FlightBookingPageTest"/>
  <testcase name="validateInvalidHotelSearch" time="20.885" classname="com.testcase.HotelSearchTest"/>
  <testcase name="validateValidHotelSearch" time="10.464" classname="com.testcase.HotelSearchTest"/>
  <testcase name="validateValidHotelSearch" time="4.277" classname="com.testcase.HotelSearchTest"/>
  <testcase name="@BeforeSuite ExtentReportSetup" time="0.0" classname="com.base.TestBase">
    <ignored/>
  </testcase> <!-- @BeforeSuite ExtentReportSetup -->
  <testcase name="@BeforeSuite ExtentReportSetup" time="0.0" classname="com.base.TestBase">
    <ignored/>
  </testcase> <!-- @BeforeSuite ExtentReportSetup -->
  <testcase name="@BeforeSuite ExtentReportSetup" time="0.0" classname="com.base.TestBase">
    <ignored/>
  </testcase> <!-- @BeforeSuite ExtentReportSetup -->
  <testcase name="@BeforeSuite ExtentReportSetup" time="0.0" classname="com.base.TestBase">
    <ignored/>
  </testcase> <!-- @BeforeSuite ExtentReportSetup -->
  <testcase name="@BeforeSuite ExtentReportSetup" time="0.0" classname="com.base.TestBase">
    <ignored/>
  </testcase> <!-- @BeforeSuite ExtentReportSetup -->
  <testcase name="@AfterSuite CloseReportSetup" time="0.0" classname="com.base.TestBase">
    <ignored/>
  </testcase> <!-- @AfterSuite CloseReportSetup -->
  <testcase name="@AfterSuite CloseReportSetup" time="0.0" classname="com.base.TestBase">
    <ignored/>
  </testcase> <!-- @AfterSuite CloseReportSetup -->
  <testcase name="@AfterSuite CloseReportSetup" time="0.0" classname="com.base.TestBase">
    <ignored/>
  </testcase> <!-- @AfterSuite CloseReportSetup -->
  <testcase name="@AfterSuite CloseReportSetup" time="0.0" classname="com.base.TestBase">
    <ignored/>
  </testcase> <!-- @AfterSuite CloseReportSetup -->
  <testcase name="@AfterSuite CloseReportSetup" time="0.0" classname="com.base.TestBase">
    <ignored/>
  </testcase> <!-- @AfterSuite CloseReportSetup -->
</testsuite> <!-- Test -->
